AlertDrive-main/app/build/intermediates/manifest_merge_blame_file/debug/processDebugMainManifest/manifest-merger-blame-debug-report.txt
1<?xml version="1.0" encoding="utf-8"?>
2<manifest xmlns:android="http://schemas.android.com/apk/res/android"
3    package="com.intelligenttraffic.alertdrive"
4    android:versionCode="1"
5    android:versionName="1.0" >
6
7    <uses-sdk
8        android:minSdkVersion="21"
9        android:targetSdkVersion="36" />
10
11    <!-- Camera permissions -->
12    <uses-permission android:name="android.permission.CAMERA" />
12-->src\main\AndroidManifest.xml:6:5-65
12-->src\main\AndroidManifest.xml:6:22-62
13    <uses-permission android:name="android.permission.VIBRATE" />
13-->src\main\AndroidManifest.xml:7:5-66
13-->src\main\AndroidManifest.xml:7:22-63
14
15    <!-- Camera features -->
16    <uses-feature
16-->src\main\AndroidManifest.xml:10:5-85
17        android:name="android.hardware.camera"
17-->src\main\AndroidManifest.xml:10:19-57
18        android:required="false" />
18-->src\main\AndroidManifest.xml:10:58-82
19    <uses-feature
19-->src\main\AndroidManifest.xml:11:5-91
20        android:name="android.hardware.camera.front"
20-->src\main\AndroidManifest.xml:11:19-63
21        android:required="false" />
21-->src\main\AndroidManifest.xml:11:64-88
22
23    <!-- Overlay permission for popup window -->
24    <uses-permission android:name="android.permission.SYSTEM_ALERT_WINDOW" />
24-->src\main\AndroidManifest.xml:14:5-78
24-->src\main\AndroidManifest.xml:14:22-75
25
26    <!-- Foreground service permission -->
27    <uses-permission android:name="android.permission.FOREGROUND_SERVICE" />
27-->src\main\AndroidManifest.xml:17:5-77
27-->src\main\AndroidManifest.xml:17:22-74
28    <uses-permission android:name="android.permission.FOREGROUND_SERVICE_CAMERA" />
28-->src\main\AndroidManifest.xml:18:5-84
28-->src\main\AndroidManifest.xml:18:22-81
29
30    <!-- Wake lock to keep popup active -->
31    <uses-permission android:name="android.permission.WAKE_LOCK" />
31-->src\main\AndroidManifest.xml:21:5-68
31-->src\main\AndroidManifest.xml:21:22-65
32
33    <queries>
33-->src\main\AndroidManifest.xml:50:5-54:15
34        <intent>
34-->src\main\AndroidManifest.xml:51:9-53:18
35            <action android:name="android.settings.MANAGE_OVERLAY_PERMISSION" />
35-->src\main\AndroidManifest.xml:52:13-81
35-->src\main\AndroidManifest.xml:52:21-78
36        </intent>
37    </queries>
38
39    <permission
39-->[androidx.core:core:1.16.0] AndroidManifest.xml:22:5-24:47
40        android:name="com.intelligenttraffic.alertdrive.DYNAMIC_RECEIVER_NOT_EXPORTED_PERMISSION"
40-->[androidx.core:core:1.16.0] AndroidManifest.xml:23:9-81
41        android:protectionLevel="signature" />
41-->[androidx.core:core:1.16.0] AndroidManifest.xml:24:9-44
42
43    <uses-permission android:name="com.intelligenttraffic.alertdrive.DYNAMIC_RECEIVER_NOT_EXPORTED_PERMISSION" /> <!-- Although the *SdkVersion is captured in gradle build files, this is required for non gradle builds -->
43-->[androidx.core:core:1.16.0] AndroidManifest.xml:26:5-97
43-->[androidx.core:core:1.16.0] AndroidManifest.xml:26:22-94
44    <!-- <uses-sdk android:minSdkVersion="14"/> -->
45    <uses-permission android:name="android.permission.ACCESS_NETWORK_STATE" />
45-->[com.google.android.datatransport:transport-backend-cct:2.3.3] AndroidManifest.xml:25:5-79
45-->[com.google.android.datatransport:transport-backend-cct:2.3.3] AndroidManifest.xml:25:22-76
46    <uses-permission android:name="android.permission.INTERNET" />
46-->[com.google.android.datatransport:transport-backend-cct:2.3.3] AndroidManifest.xml:26:5-67
46-->[com.google.android.datatransport:transport-backend-cct:2.3.3] AndroidManifest.xml:26:22-64
47
48    <application
48-->src\main\AndroidManifest.xml:23:5-48:19
49        android:allowBackup="true"
49-->src\main\AndroidManifest.xml:24:9-35
50        android:appComponentFactory="androidx.core.app.CoreComponentFactory"
50-->[androidx.core:core:1.16.0] AndroidManifest.xml:28:18-86
51        android:debuggable="true"
52        android:extractNativeLibs="true"
53        android:icon="@mipmap/ic_launcher"
53-->src\main\AndroidManifest.xml:25:9-43
54        android:label="@string/app_name"
54-->src\main\AndroidManifest.xml:26:9-41
55        android:roundIcon="@mipmap/ic_launcher_round"
55-->src\main\AndroidManifest.xml:27:9-54
56        android:supportsRtl="true"
56-->src\main\AndroidManifest.xml:28:9-35
57        android:testOnly="true"
58        android:theme="@style/Theme.AlertDrive" >
58-->src\main\AndroidManifest.xml:29:9-48
59        <activity
59-->src\main\AndroidManifest.xml:31:9-41:20
60            android:name="com.intelligenttraffic.alertdrive.MainActivity"
60-->src\main\AndroidManifest.xml:32:13-41
61            android:configChanges="orientation|screenSize|keyboardHidden"
61-->src\main\AndroidManifest.xml:34:13-74
62            android:exported="true"
62-->src\main\AndroidManifest.xml:33:13-36
63            android:launchMode="singleTop"
63-->src\main\AndroidManifest.xml:36:13-43
64            android:screenOrientation="sensor" >
64-->src\main\AndroidManifest.xml:35:13-47
65            <intent-filter>
65-->src\main\AndroidManifest.xml:37:13-40:29
66                <action android:name="android.intent.action.MAIN" />
66-->src\main\AndroidManifest.xml:38:17-69
66-->src\main\AndroidManifest.xml:38:25-66
67
68                <category android:name="android.intent.category.LAUNCHER" />
68-->src\main\AndroidManifest.xml:39:17-77
68-->src\main\AndroidManifest.xml:39:27-74
69            </intent-filter>
70        </activity>
71
72        <service
72-->src\main\AndroidManifest.xml:43:9-47:54
73            android:name="com.intelligenttraffic.alertdrive.CameraPopupService"
73-->src\main\AndroidManifest.xml:44:13-47
74            android:enabled="true"
74-->src\main\AndroidManifest.xml:45:13-35
75            android:exported="false"
75-->src\main\AndroidManifest.xml:46:13-37
76            android:foregroundServiceType="camera" />
76-->src\main\AndroidManifest.xml:47:13-51
77        <service
77-->[androidx.camera:camera-camera2:1.4.2] AndroidManifest.xml:24:9-33:19
78            android:name="androidx.camera.core.impl.MetadataHolderService"
78-->[androidx.camera:camera-camera2:1.4.2] AndroidManifest.xml:25:13-75
79            android:enabled="false"
79-->[androidx.camera:camera-camera2:1.4.2] AndroidManifest.xml:26:13-36
80            android:exported="false" >
80-->[androidx.camera:camera-camera2:1.4.2] AndroidManifest.xml:27:13-37
81            <meta-data
81-->[androidx.camera:camera-camera2:1.4.2] AndroidManifest.xml:30:13-32:89
82                android:name="androidx.camera.core.impl.MetadataHolderService.DEFAULT_CONFIG_PROVIDER"
82-->[androidx.camera:camera-camera2:1.4.2] AndroidManifest.xml:31:17-103
83                android:value="androidx.camera.camera2.Camera2Config$DefaultProvider" />
83-->[androidx.camera:camera-camera2:1.4.2] AndroidManifest.xml:32:17-86
84        </service>
85        <service
85-->[com.google.android.gms:play-services-mlkit-face-detection:17.1.0] AndroidManifest.xml:9:9-15:19
86            android:name="com.google.mlkit.common.internal.MlKitComponentDiscoveryService"
86-->[com.google.android.gms:play-services-mlkit-face-detection:17.1.0] AndroidManifest.xml:10:13-91
87            android:directBootAware="true"
87-->[com.google.mlkit:common:18.11.0] AndroidManifest.xml:17:13-43
88            android:exported="false" >
88-->[com.google.android.gms:play-services-mlkit-face-detection:17.1.0] AndroidManifest.xml:11:13-37
89            <meta-data
89-->[com.google.android.gms:play-services-mlkit-face-detection:17.1.0] AndroidManifest.xml:12:13-14:85
90                android:name="com.google.firebase.components:com.google.mlkit.vision.face.internal.FaceRegistrar"
90-->[com.google.android.gms:play-services-mlkit-face-detection:17.1.0] AndroidManifest.xml:13:17-114
91                android:value="com.google.firebase.components.ComponentRegistrar" />
91-->[com.google.android.gms:play-services-mlkit-face-detection:17.1.0] AndroidManifest.xml:14:17-82
92            <meta-data
92-->[com.google.mlkit:vision-common:17.2.0] AndroidManifest.xml:12:13-14:85
93                android:name="com.google.firebase.components:com.google.mlkit.vision.common.internal.VisionCommonRegistrar"
93-->[com.google.mlkit:vision-common:17.2.0] AndroidManifest.xml:13:17-124
94                android:value="com.google.firebase.components.ComponentRegistrar" />
94-->[com.google.mlkit:vision-common:17.2.0] AndroidManifest.xml:14:17-82
95            <meta-data
95-->[com.google.mlkit:common:18.11.0] AndroidManifest.xml:20:13-22:85
96                android:name="com.google.firebase.components:com.google.mlkit.common.internal.CommonComponentRegistrar"
96-->[com.google.mlkit:common:18.11.0] AndroidManifest.xml:21:17-120
97                android:value="com.google.firebase.components.ComponentRegistrar" />
97-->[com.google.mlkit:common:18.11.0] AndroidManifest.xml:22:17-82
98        </service>
99
100        <provider
100-->[com.google.mlkit:common:18.11.0] AndroidManifest.xml:9:9-13:38
101            android:name="com.google.mlkit.common.internal.MlKitInitProvider"
101-->[com.google.mlkit:common:18.11.0] AndroidManifest.xml:10:13-78
102            android:authorities="com.intelligenttraffic.alertdrive.mlkitinitprovider"
102-->[com.google.mlkit:common:18.11.0] AndroidManifest.xml:11:13-69
103            android:exported="false"
103-->[com.google.mlkit:common:18.11.0] AndroidManifest.xml:12:13-37
104            android:initOrder="99" />
104-->[com.google.mlkit:common:18.11.0] AndroidManifest.xml:13:13-35
105
106        <activity
106-->[com.google.android.gms:play-services-base:18.5.0] AndroidManifest.xml:5:9-173
107            android:name="com.google.android.gms.common.api.GoogleApiActivity"
107-->[com.google.android.gms:play-services-base:18.5.0] AndroidManifest.xml:5:19-85
108            android:exported="false"
108-->[com.google.android.gms:play-services-base:18.5.0] AndroidManifest.xml:5:146-170
109            android:theme="@android:style/Theme.Translucent.NoTitleBar" />
109-->[com.google.android.gms:play-services-base:18.5.0] AndroidManifest.xml:5:86-145
110
111        <meta-data
111-->[com.google.android.gms:play-services-basement:18.4.0] AndroidManifest.xml:6:9-122
112            android:name="com.google.android.gms.version"
112-->[com.google.android.gms:play-services-basement:18.4.0] AndroidManifest.xml:6:20-65
113            android:value="@integer/google_play_services_version" />
113-->[com.google.android.gms:play-services-basement:18.4.0] AndroidManifest.xml:6:66-119
114
115        <provider
115-->[androidx.emoji2:emoji2:1.3.0] AndroidManifest.xml:24:9-32:20
116            android:name="androidx.startup.InitializationProvider"
116-->[androidx.emoji2:emoji2:1.3.0] AndroidManifest.xml:25:13-67
117            android:authorities="com.intelligenttraffic.alertdrive.androidx-startup"
117-->[androidx.emoji2:emoji2:1.3.0] AndroidManifest.xml:26:13-68
118            android:exported="false" >
118-->[androidx.emoji2:emoji2:1.3.0] AndroidManifest.xml:27:13-37
119            <meta-data
119-->[androidx.emoji2:emoji2:1.3.0] AndroidManifest.xml:29:13-31:52
120                android:name="androidx.emoji2.text.EmojiCompatInitializer"
120-->[androidx.emoji2:emoji2:1.3.0] AndroidManifest.xml:30:17-75
121                android:value="androidx.startup" />
121-->[androidx.emoji2:emoji2:1.3.0] AndroidManifest.xml:31:17-49
122            <meta-data
122-->[androidx.lifecycle:lifecycle-process:2.6.2] AndroidManifest.xml:29:13-31:52
123                android:name="androidx.lifecycle.ProcessLifecycleInitializer"
123-->[androidx.lifecycle:lifecycle-process:2.6.2] AndroidManifest.xml:30:17-78
124                android:value="androidx.startup" />
124-->[androidx.lifecycle:lifecycle-process:2.6.2] AndroidManifest.xml:31:17-49
125            <meta-data
125-->[androidx.profileinstaller:profileinstaller:1.4.0] AndroidManifest.xml:29:13-31:52
126                android:name="androidx.profileinstaller.ProfileInstallerInitializer"
126-->[androidx.profileinstaller:profileinstaller:1.4.0] AndroidManifest.xml:30:17-85
127                android:value="androidx.startup" />
127-->[androidx.profileinstaller:profileinstaller:1.4.0] AndroidManifest.xml:31:17-49
128        </provider>
129
130        <receiver
130-->[androidx.profileinstaller:profileinstaller:1.4.0] AndroidManifest.xml:34:9-52:20
131            android:name="androidx.profileinstaller.ProfileInstallReceiver"
131-->[androidx.profileinstaller:profileinstaller:1.4.0] AndroidManifest.xml:35:13-76
132            android:directBootAware="false"
132-->[androidx.profileinstaller:profileinstaller:1.4.0] AndroidManifest.xml:36:13-44
133            android:enabled="true"
133-->[androidx.profileinstaller:profileinstaller:1.4.0] AndroidManifest.xml:37:13-35
134            android:exported="true"
134-->[androidx.profileinstaller:profileinstaller:1.4.0] AndroidManifest.xml:38:13-36
135            android:permission="android.permission.DUMP" >
135-->[androidx.profileinstaller:profileinstaller:1.4.0] AndroidManifest.xml:39:13-57
136            <intent-filter>
136-->[androidx.profileinstaller:profileinstaller:1.4.0] AndroidManifest.xml:40:13-42:29
137                <action android:name="androidx.profileinstaller.action.INSTALL_PROFILE" />
137-->[androidx.profileinstaller:profileinstaller:1.4.0] AndroidManifest.xml:41:17-91
137-->[androidx.profileinstaller:profileinstaller:1.4.0] AndroidManifest.xml:41:25-88
138            </intent-filter>
139            <intent-filter>
139-->[androidx.profileinstaller:profileinstaller:1.4.0] AndroidManifest.xml:43:13-45:29
140                <action android:name="androidx.profileinstaller.action.SKIP_FILE" />
140-->[androidx.profileinstaller:profileinstaller:1.4.0] AndroidManifest.xml:44:17-85
140-->[androidx.profileinstaller:profileinstaller:1.4.0] AndroidManifest.xml:44:25-82
141            </intent-filter>
142            <intent-filter>
142-->[androidx.profileinstaller:profileinstaller:1.4.0] AndroidManifest.xml:46:13-48:29
143                <action android:name="androidx.profileinstaller.action.SAVE_PROFILE" />
143-->[androidx.profileinstaller:profileinstaller:1.4.0] AndroidManifest.xml:47:17-88
143-->[androidx.profileinstaller:profileinstaller:1.4.0] AndroidManifest.xml:47:25-85
144            </intent-filter>
145            <intent-filter>
145-->[androidx.profileinstaller:profileinstaller:1.4.0] AndroidManifest.xml:49:13-51:29
146                <action android:name="androidx.profileinstaller.action.BENCHMARK_OPERATION" />
146-->[androidx.profileinstaller:profileinstaller:1.4.0] AndroidManifest.xml:50:17-95
146-->[androidx.profileinstaller:profileinstaller:1.4.0] AndroidManifest.xml:50:25-92
147            </intent-filter>
148        </receiver>
149
150        <service
150-->[com.google.android.datatransport:transport-backend-cct:2.3.3] AndroidManifest.xml:29:9-35:19
151            android:name="com.google.android.datatransport.runtime.backends.TransportBackendDiscovery"
151-->[com.google.android.datatransport:transport-backend-cct:2.3.3] AndroidManifest.xml:30:13-103
152            android:exported="false" >
152-->[com.google.android.datatransport:transport-backend-cct:2.3.3] AndroidManifest.xml:31:13-37
153            <meta-data
153-->[com.google.android.datatransport:transport-backend-cct:2.3.3] AndroidManifest.xml:32:13-34:39
154                android:name="backend:com.google.android.datatransport.cct.CctBackendFactory"
154-->[com.google.android.datatransport:transport-backend-cct:2.3.3] AndroidManifest.xml:33:17-94
155                android:value="cct" />
155-->[com.google.android.datatransport:transport-backend-cct:2.3.3] AndroidManifest.xml:34:17-36
156        </service>
157        <service
157-->[com.google.android.datatransport:transport-runtime:2.2.6] AndroidManifest.xml:26:9-30:19
158            android:name="com.google.android.datatransport.runtime.scheduling.jobscheduling.JobInfoSchedulerService"
158-->[com.google.android.datatransport:transport-runtime:2.2.6] AndroidManifest.xml:27:13-117
159            android:exported="false"
159-->[com.google.android.datatransport:transport-runtime:2.2.6] AndroidManifest.xml:28:13-37
160            android:permission="android.permission.BIND_JOB_SERVICE" >
160-->[com.google.android.datatransport:transport-runtime:2.2.6] AndroidManifest.xml:29:13-69
161        </service>
162
163        <receiver
163-->[com.google.android.datatransport:transport-runtime:2.2.6] AndroidManifest.xml:32:9-34:40
164            android:name="com.google.android.datatransport.runtime.scheduling.jobscheduling.AlarmManagerSchedulerBroadcastReceiver"
164-->[com.google.android.datatransport:transport-runtime:2.2.6] AndroidManifest.xml:33:13-132
165            android:exported="false" />
165-->[com.google.android.datatransport:transport-runtime:2.2.6] AndroidManifest.xml:34:13-37
166    </application>
167
168</manifest>